0 info it worked if it ends with ok
1 verbose cli [ '/Users/tmshv/.nodenv/versions/6.9.1/bin/node',
1 verbose cli   '/Users/tmshv/.nodenv/versions/6.9.1/bin/npm',
1 verbose cli   'run',
1 verbose cli   'gh' ]
2 info using npm@3.10.8
3 info using node@v6.9.1
4 verbose run-script [ 'pregh', 'gh', 'postgh' ]
5 info lifecycle rbk16@1.0.0~pregh: rbk16@1.0.0
6 silly lifecycle rbk16@1.0.0~pregh: no script for pregh, continuing
7 info lifecycle rbk16@1.0.0~gh: rbk16@1.0.0
8 verbose lifecycle rbk16@1.0.0~gh: unsafe-perm in lifecycle true
9 verbose lifecycle rbk16@1.0.0~gh: PATH: /Users/tmshv/.nodenv/versions/6.9.1/lib/node_modules/npm/bin/node-gyp-bin:/Users/tmshv/Projects/RBK 2016/node_modules/.bin:/Users/tmshv/.nodenv/versions/6.9.1/bin:/usr/local/Cellar/nodenv/1.0.0/libexec:/Users/tmshv/.nodenv/shims:/Users/tmshv/.nodenv/bin:/usr/local/sbin:/usr/local/bin:/usr/sbin:/usr/bin:/sbin:/bin:/usr/games:/usr/local/games:/snap/bin
10 verbose lifecycle rbk16@1.0.0~gh: CWD: /Users/tmshv/Projects/RBK 2016
11 silly lifecycle rbk16@1.0.0~gh: Args: [ '-c', 'ghpages tmshv/rbk16' ]
12 silly lifecycle rbk16@1.0.0~gh: Returned: code: 1  signal: null
13 info lifecycle rbk16@1.0.0~gh: Failed to exec gh script
14 verbose stack Error: rbk16@1.0.0 gh: `ghpages tmshv/rbk16`
14 verbose stack Exit status 1
14 verbose stack     at EventEmitter.<anonymous> (/Users/tmshv/.nodenv/versions/6.9.1/lib/node_modules/npm/lib/utils/lifecycle.js:255:16)
14 verbose stack     at emitTwo (events.js:106:13)
14 verbose stack     at EventEmitter.emit (events.js:191:7)
14 verbose stack     at ChildProcess.<anonymous> (/Users/tmshv/.nodenv/versions/6.9.1/lib/node_modules/npm/lib/utils/spawn.js:40:14)
14 verbose stack     at emitTwo (events.js:106:13)
14 verbose stack     at ChildProcess.emit (events.js:191:7)
14 verbose stack     at maybeClose (internal/child_process.js:877:16)
14 verbose stack     at Process.ChildProcess._handle.onexit (internal/child_process.js:226:5)
15 verbose pkgid rbk16@1.0.0
16 verbose cwd /Users/tmshv/Projects/RBK 2016
17 error Darwin 16.1.0
18 error argv "/Users/tmshv/.nodenv/versions/6.9.1/bin/node" "/Users/tmshv/.nodenv/versions/6.9.1/bin/npm" "run" "gh"
19 error node v6.9.1
20 error npm  v3.10.8
21 error code ELIFECYCLE
22 error rbk16@1.0.0 gh: `ghpages tmshv/rbk16`
22 error Exit status 1
23 error Failed at the rbk16@1.0.0 gh script 'ghpages tmshv/rbk16'.
23 error Make sure you have the latest version of node.js and npm installed.
23 error If you do, this is most likely a problem with the rbk16 package,
23 error not with npm itself.
23 error Tell the author that this fails on your system:
23 error     ghpages tmshv/rbk16
23 error You can get information on how to open an issue for this project with:
23 error     npm bugs rbk16
23 error Or if that isn't available, you can get their info via:
23 error     npm owner ls rbk16
23 error There is likely additional logging output above.
24 verbose exit [ 1, true ]
